[2025-12-24 12:01:19] [INFO] [TID:136086659790656] Server listening on port 8666
[2025-12-24 12:01:19] [INFO] [TID:136086657431232] Worker thread started
[2025-12-24 12:01:19] [INFO] [TID:136086649038528] Worker thread started
[2025-12-24 12:01:19] [INFO] [TID:136086640645824] Worker thread started
[2025-12-24 12:01:19] [INFO] [TID:136086632253120] Worker thread started
[2025-12-24 12:02:52] [INFO] [TID:136086632253120] Accepted connection fd=4
[2025-12-24 12:02:52] [WARNING] [TID:136086632253120] File not found: ./static/index.html
[2025-12-24 12:02:52] [INFO] [TID:136086632253120] Generating HTTP error 404
[2025-12-24 12:02:52] [INFO] [TID:136086632253120] Closing client fd=4
[2025-12-24 12:02:52] [INFO] [TID:136086632253120] Accepted connection fd=4
[2025-12-24 12:02:52] [WARNING] [TID:136086632253120] File not found: ./static/favicon.ico
[2025-12-24 12:02:52] [INFO] [TID:136086632253120] Generating HTTP error 404
[2025-12-24 12:02:52] [INFO] [TID:136086632253120] Closing client fd=4
[2025-12-24 12:02:54] [INFO] [TID:136086632253120] Accepted connection fd=4
[2025-12-24 12:02:54] [WARNING] [TID:136086632253120] File not found: ./static/index.html
[2025-12-24 12:02:54] [INFO] [TID:136086632253120] Generating HTTP error 404
[2025-12-24 12:02:54] [INFO] [TID:136086632253120] Closing client fd=4
[2025-12-24 12:02:57] [INFO] [TID:136086657431232] Accepted connection fd=4
[2025-12-24 12:02:57] [WARNING] [TID:136086657431232] File not found: ./static/index.html
[2025-12-24 12:02:57] [INFO] [TID:136086657431232] Generating HTTP error 404
[2025-12-24 12:02:57] [INFO] [TID:136086657431232] Closing client fd=4
[2025-12-24 12:03:06] [INFO] [TID:136086659790656] Shutdown signal received
[2025-12-24 12:03:51] [INFO] [TID:138032037087040] Server listening on port 8666
[2025-12-24 12:03:51] [INFO] [TID:138032017561280] Worker thread started
[2025-12-24 12:03:51] [INFO] [TID:138032025953984] Worker thread started
[2025-12-24 12:03:51] [INFO] [TID:138032009168576] Worker thread started
[2025-12-24 12:03:51] [INFO] [TID:138032034346688] Worker thread started
[2025-12-24 12:04:07] [INFO] [TID:138032025953984] Accepted connection fd=4
[2025-12-24 12:04:07] [WARNING] [TID:138032025953984] File not found: ./static/index.html
[2025-12-24 12:04:07] [INFO] [TID:138032025953984] Generating HTTP error 404
[2025-12-24 12:04:07] [INFO] [TID:138032025953984] Closing client fd=4
[2025-12-24 12:08:24] [INFO] [TID:138032037087040] Shutdown signal received
[2025-12-24 12:08:28] [INFO] [TID:130116134790976] Server listening on port 8666
[2025-12-24 12:08:28] [INFO] [TID:130116130698944] Worker thread started
[2025-12-24 12:08:28] [INFO] [TID:130116122306240] Worker thread started
[2025-12-24 12:08:28] [INFO] [TID:130116113913536] Worker thread started
[2025-12-24 12:08:28] [INFO] [TID:130116034229952] Worker thread started
[2025-12-24 12:08:31] [INFO] [TID:130116113913536] Accepted connection fd=4
[2025-12-24 12:08:31] [WARNING] [TID:130116113913536] File not found: ./static/index.html
[2025-12-24 12:08:31] [INFO] [TID:130116113913536] Generating HTTP error 404
[2025-12-24 12:08:31] [INFO] [TID:130116113913536] Closing client fd=4
[2025-12-24 12:08:32] [INFO] [TID:130116034229952] Accepted connection fd=4
[2025-12-24 12:08:32] [WARNING] [TID:130116034229952] File not found: ./static/index.html
[2025-12-24 12:08:32] [INFO] [TID:130116034229952] Generating HTTP error 404
[2025-12-24 12:08:32] [INFO] [TID:130116034229952] Closing client fd=4
[2025-12-24 12:08:33] [INFO] [TID:130116122306240] Accepted connection fd=4
[2025-12-24 12:08:33] [WARNING] [TID:130116122306240] File not found: ./static/index.html
[2025-12-24 12:08:33] [INFO] [TID:130116122306240] Generating HTTP error 404
[2025-12-24 12:08:33] [INFO] [TID:130116122306240] Closing client fd=4
[2025-12-24 12:08:50] [INFO] [TID:130116134790976] Shutdown signal received
[2025-12-24 12:12:28] [INFO] [TID:140595035465536] Server listening on port 80
[2025-12-24 12:12:28] [INFO] [TID:140595016226496] Worker thread started
[2025-12-24 12:12:28] [INFO] [TID:140595007833792] Worker thread started
[2025-12-24 12:12:28] [INFO] [TID:140595024619200] Worker thread started
[2025-12-24 12:12:28] [INFO] [TID:140595033011904] Worker thread started
[2025-12-24 12:12:45] [INFO] [TID:140595024619200] Accepted connection fd=4
[2025-12-24 12:12:45] [WARNING] [TID:140595024619200] File not found: ./static/index.html
[2025-12-24 12:12:45] [INFO] [TID:140595024619200] Generating HTTP error 404
[2025-12-24 12:12:45] [INFO] [TID:140595024619200] Closing client fd=4
[2025-12-24 12:12:45] [INFO] [TID:140595007833792] Accepted connection fd=4
[2025-12-24 12:12:45] [WARNING] [TID:140595007833792] File not found: ./static/favicon.ico
[2025-12-24 12:12:45] [INFO] [TID:140595007833792] Generating HTTP error 404
[2025-12-24 12:12:45] [INFO] [TID:140595007833792] Closing client fd=4
[2025-12-24 12:12:47] [INFO] [TID:140595033011904] Accepted connection fd=4
[2025-12-24 12:12:47] [WARNING] [TID:140595033011904] File not found: ./static/index.html
[2025-12-24 12:12:47] [INFO] [TID:140595033011904] Generating HTTP error 404
[2025-12-24 12:12:47] [INFO] [TID:140595033011904] Closing client fd=4
[2025-12-24 12:12:47] [INFO] [TID:140595024619200] Accepted connection fd=4
[2025-12-24 12:12:47] [WARNING] [TID:140595024619200] File not found: ./static/index.html
[2025-12-24 12:12:47] [INFO] [TID:140595024619200] Generating HTTP error 404
[2025-12-24 12:12:47] [INFO] [TID:140595024619200] Closing client fd=4
[2025-12-24 12:12:48] [INFO] [TID:140595024619200] Accepted connection fd=4
[2025-12-24 12:12:48] [WARNING] [TID:140595024619200] File not found: ./static/index.html
[2025-12-24 12:12:48] [INFO] [TID:140595024619200] Generating HTTP error 404
[2025-12-24 12:12:48] [INFO] [TID:140595024619200] Closing client fd=4
[2025-12-24 12:12:48] [INFO] [TID:140595024619200] Accepted connection fd=4
[2025-12-24 12:12:48] [WARNING] [TID:140595024619200] File not found: ./static/index.html
[2025-12-24 12:12:48] [INFO] [TID:140595024619200] Generating HTTP error 404
[2025-12-24 12:12:48] [INFO] [TID:140595024619200] Closing client fd=4
[2025-12-24 12:12:48] [INFO] [TID:140595033011904] Accepted connection fd=4
[2025-12-24 12:12:48] [WARNING] [TID:140595033011904] File not found: ./static/index.html
[2025-12-24 12:12:48] [INFO] [TID:140595033011904] Generating HTTP error 404
[2025-12-24 12:12:48] [INFO] [TID:140595033011904] Closing client fd=4
[2025-12-24 12:12:48] [INFO] [TID:140595016226496] Accepted connection fd=4
[2025-12-24 12:12:48] [WARNING] [TID:140595016226496] File not found: ./static/index.html
[2025-12-24 12:12:48] [INFO] [TID:140595016226496] Generating HTTP error 404
[2025-12-24 12:12:48] [INFO] [TID:140595016226496] Closing client fd=4
[2025-12-24 12:12:48] [INFO] [TID:140595007833792] Accepted connection fd=4
[2025-12-24 12:12:48] [WARNING] [TID:140595007833792] File not found: ./static/index.html
[2025-12-24 12:12:48] [INFO] [TID:140595007833792] Generating HTTP error 404
[2025-12-24 12:12:48] [INFO] [TID:140595007833792] Closing client fd=4
[2025-12-24 12:12:49] [INFO] [TID:140595007833792] Accepted connection fd=4
[2025-12-24 12:12:49] [WARNING] [TID:140595007833792] File not found: ./static/index.html
[2025-12-24 12:12:49] [INFO] [TID:140595007833792] Generating HTTP error 404
[2025-12-24 12:12:49] [INFO] [TID:140595007833792] Closing client fd=4
[2025-12-24 12:12:49] [INFO] [TID:140595007833792] Accepted connection fd=4
[2025-12-24 12:12:49] [WARNING] [TID:140595007833792] File not found: ./static/index.html
[2025-12-24 12:12:49] [INFO] [TID:140595007833792] Generating HTTP error 404
[2025-12-24 12:12:49] [INFO] [TID:140595007833792] Closing client fd=4
[2025-12-24 12:12:49] [INFO] [TID:140595024619200] Accepted connection fd=4
[2025-12-24 12:12:49] [WARNING] [TID:140595024619200] File not found: ./static/index.html
[2025-12-24 12:12:49] [INFO] [TID:140595024619200] Generating HTTP error 404
[2025-12-24 12:12:49] [INFO] [TID:140595024619200] Closing client fd=4
[2025-12-24 12:12:49] [INFO] [TID:140595016226496] Accepted connection fd=4
[2025-12-24 12:12:49] [WARNING] [TID:140595016226496] File not found: ./static/index.html
[2025-12-24 12:12:49] [INFO] [TID:140595016226496] Generating HTTP error 404
[2025-12-24 12:12:49] [INFO] [TID:140595016226496] Closing client fd=4
[2025-12-24 12:13:31] [INFO] [TID:140595007833792] Accepted connection fd=4
[2025-12-24 12:13:31] [WARNING] [TID:140595007833792] File not found: ./static/index.html
[2025-12-24 12:13:31] [INFO] [TID:140595007833792] Generating HTTP error 404
[2025-12-24 12:13:31] [INFO] [TID:140595007833792] Closing client fd=4
[2025-12-24 12:18:38] [INFO] [TID:140595033011904] Accepted connection fd=4
[2025-12-24 12:18:38] [WARNING] [TID:140595033011904] File not found: ./static/index.html
[2025-12-24 12:18:38] [INFO] [TID:140595033011904] Generating HTTP error 404
[2025-12-24 12:18:38] [INFO] [TID:140595033011904] Closing client fd=4
[2025-12-24 12:20:22] [INFO] [TID:140595035465536] Shutdown signal received
[2025-12-24 12:21:17] [INFO] [TID:137342812288832] Server listening on port 80
[2025-12-24 12:21:17] [INFO] [TID:137342809536192] Worker thread started
[2025-12-24 12:21:17] [INFO] [TID:137342719358656] Worker thread started
[2025-12-24 12:21:17] [INFO] [TID:137342801143488] Worker thread started
[2025-12-24 12:21:17] [INFO] [TID:137342574655168] Worker thread started
[2025-12-24 12:21:22] [INFO] [TID:137342574655168] Accepted connection fd=4
[2025-12-24 12:21:22] [WARNING] [TID:137342574655168] File not found: ./static/index.html
[2025-12-24 12:21:22] [INFO] [TID:137342574655168] Generating HTTP error 404
[2025-12-24 12:21:22] [INFO] [TID:137342574655168] Closing client fd=4
[2025-12-24 12:21:25] [INFO] [TID:137342812288832] Shutdown signal received
[2025-12-24 12:21:45] [INFO] [TID:137733008996160] Server listening on port 80
[2025-12-24 12:21:45] [INFO] [TID:137733005637312] Worker thread started
[2025-12-24 12:21:45] [INFO] [TID:137732988851904] Worker thread started
[2025-12-24 12:21:45] [INFO] [TID:137732980459200] Worker thread started
[2025-12-24 12:21:45] [INFO] [TID:137732997244608] Worker thread started
[2025-12-24 12:21:49] [INFO] [TID:137732997244608] Accepted connection fd=4
[2025-12-24 12:21:49] [INFO] [TID:137732997244608] Serving file: ./static/index.html (9612 bytes)
[2025-12-24 12:21:49] [INFO] [TID:137732997244608] Closing client fd=4
[2025-12-24 12:22:12] [INFO] [TID:137732988851904] Accepted connection fd=4
[2025-12-24 12:22:12] [INFO] [TID:137732988851904] Serving file: ./static/index.html (9612 bytes)
[2025-12-24 12:22:12] [INFO] [TID:137732988851904] Closing client fd=4
[2025-12-24 12:26:28] [INFO] [TID:137732988851904] Accepted connection fd=4
[2025-12-24 12:26:28] [INFO] [TID:137732988851904] Serving file: ./static/index.html (9612 bytes)
[2025-12-24 12:26:28] [INFO] [TID:137732988851904] Closing client fd=4
[2025-12-24 12:26:29] [INFO] [TID:137733005637312] Accepted connection fd=4
[2025-12-24 12:26:29] [WARNING] [TID:137733005637312] File not found: ./static/favicon.ico
[2025-12-24 12:26:29] [INFO] [TID:137733005637312] Generating HTTP error 404
[2025-12-24 12:26:29] [INFO] [TID:137733005637312] Closing client fd=4
[2025-12-24 12:26:30] [INFO] [TID:137732988851904] Accepted connection fd=4
[2025-12-24 12:26:30] [INFO] [TID:137732988851904] Serving file: ./static/index.html (9612 bytes)
[2025-12-24 12:26:30] [INFO] [TID:137732988851904] Closing client fd=4
[2025-12-24 12:26:30] [INFO] [TID:137732980459200] Accepted connection fd=4
[2025-12-24 12:26:30] [WARNING] [TID:137732980459200] File not found: ./static/favicon.ico
[2025-12-24 12:26:30] [INFO] [TID:137732980459200] Generating HTTP error 404
[2025-12-24 12:26:30] [INFO] [TID:137732980459200] Closing client fd=4
[2025-12-24 12:27:45] [INFO] [TID:137733005637312] Accepted connection fd=4
[2025-12-24 12:27:45] [INFO] [TID:137733005637312] Serving file: ./static/index.html (9612 bytes)
[2025-12-24 12:27:45] [INFO] [TID:137733005637312] Closing client fd=4
[2025-12-24 12:27:46] [INFO] [TID:137732980459200] Accepted connection fd=4
[2025-12-24 12:27:46] [WARNING] [TID:137732980459200] File not found: ./static/favicon.ico
[2025-12-24 12:27:46] [INFO] [TID:137732980459200] Generating HTTP error 404
[2025-12-24 12:27:46] [INFO] [TID:137732980459200] Closing client fd=4
[2025-12-24 12:27:47] [INFO] [TID:137732997244608] Accepted connection fd=4
[2025-12-24 12:27:47] [INFO] [TID:137732997244608] Serving file: ./static/index.html (9612 bytes)
[2025-12-24 12:27:47] [INFO] [TID:137732997244608] Closing client fd=4
[2025-12-24 12:27:47] [INFO] [TID:137733005637312] Accepted connection fd=4
[2025-12-24 12:27:47] [WARNING] [TID:137733005637312] File not found: ./static/favicon.ico
[2025-12-24 12:27:47] [INFO] [TID:137733005637312] Generating HTTP error 404
[2025-12-24 12:27:47] [INFO] [TID:137733005637312] Closing client fd=4
[2025-12-24 12:27:49] [INFO] [TID:137732997244608] Accepted connection fd=4
[2025-12-24 12:27:49] [INFO] [TID:137732997244608] Serving file: ./static/index.html (9612 bytes)
[2025-12-24 12:27:49] [INFO] [TID:137732997244608] Closing client fd=4
[2025-12-24 12:27:49] [INFO] [TID:137732988851904] Accepted connection fd=4
[2025-12-24 12:27:49] [WARNING] [TID:137732988851904] File not found: ./static/favicon.ico
[2025-12-24 12:27:49] [INFO] [TID:137732988851904] Generating HTTP error 404
[2025-12-24 12:27:49] [INFO] [TID:137732988851904] Closing client fd=4
[2025-12-24 12:27:50] [INFO] [TID:137732980459200] Accepted connection fd=4
[2025-12-24 12:27:50] [INFO] [TID:137732980459200] Serving file: ./static/index.html (9612 bytes)
[2025-12-24 12:27:50] [INFO] [TID:137732980459200] Closing client fd=4
[2025-12-24 12:27:50] [INFO] [TID:137733005637312] Accepted connection fd=4
[2025-12-24 12:27:50] [WARNING] [TID:137733005637312] File not found: ./static/favicon.ico
[2025-12-24 12:27:50] [INFO] [TID:137733005637312] Generating HTTP error 404
[2025-12-24 12:27:50] [INFO] [TID:137733005637312] Closing client fd=4
[2025-12-24 12:27:56] [INFO] [TID:137732980459200] Accepted connection fd=4
[2025-12-24 12:28:00] [INFO] [TID:137732980459200] Serving file: ./static/index.html (9612 bytes)
[2025-12-24 12:28:00] [INFO] [TID:137732980459200] Closing client fd=4
[2025-12-24 12:33:01] [INFO] [TID:137733008996160] Shutdown signal received
[2025-12-24 12:33:53] [INFO] [TID:136627084240704] Server listening on port 80
[2025-12-24 12:33:53] [INFO] [TID:136627080918720] Worker thread started
[2025-12-24 12:33:53] [INFO] [TID:136627064133312] Worker thread started
[2025-12-24 12:33:53] [INFO] [TID:136627055740608] Worker thread started
[2025-12-24 12:33:53] [INFO] [TID:136627072526016] Worker thread started
[2025-12-24 12:33:56] [INFO] [TID:136627072526016] Accepted connection fd=4
[2025-12-24 12:33:56] [INFO] [TID:136627072526016] Serving file: ./static/index.html (9612 bytes)
[2025-12-24 12:33:56] [INFO] [TID:136627072526016] Closing client fd=4
[2025-12-24 12:33:57] [INFO] [TID:136627072526016] Accepted connection fd=4
[2025-12-24 12:33:57] [INFO] [TID:136627072526016] Serving file: ./static/index.html (9612 bytes)
[2025-12-24 12:33:57] [INFO] [TID:136627072526016] Closing client fd=4
[2025-12-24 12:34:30] [INFO] [TID:136627080918720] Accepted connection fd=4
[2025-12-24 12:34:30] [INFO] [TID:136627080918720] Serving file: ./static/index.html (9612 bytes)
[2025-12-24 12:34:30] [INFO] [TID:136627080918720] Closing client fd=4
[2025-12-24 12:34:32] [INFO] [TID:136627055740608] Accepted connection fd=4
[2025-12-24 12:34:32] [INFO] [TID:136627055740608] Serving file: ./static/index.html (9612 bytes)
[2025-12-24 12:34:32] [INFO] [TID:136627055740608] Closing client fd=4
[2025-12-24 12:34:33] [INFO] [TID:136627080918720] Accepted connection fd=4
[2025-12-24 12:34:33] [INFO] [TID:136627080918720] Serving file: ./static/index.html (9612 bytes)
[2025-12-24 12:34:33] [INFO] [TID:136627080918720] Closing client fd=4
[2025-12-24 12:34:34] [INFO] [TID:136627064133312] Accepted connection fd=4
[2025-12-24 12:34:34] [INFO] [TID:136627064133312] Serving file: ./static/index.html (9612 bytes)
[2025-12-24 12:34:34] [INFO] [TID:136627064133312] Closing client fd=4
[2025-12-24 12:34:34] [INFO] [TID:136627080918720] Accepted connection fd=4
[2025-12-24 12:34:34] [INFO] [TID:136627080918720] Serving file: ./static/index.html (9612 bytes)
[2025-12-24 12:34:34] [INFO] [TID:136627080918720] Closing client fd=4
[2025-12-24 12:34:34] [INFO] [TID:136627072526016] Accepted connection fd=4
[2025-12-24 12:34:34] [INFO] [TID:136627072526016] Serving file: ./static/index.html (9612 bytes)
[2025-12-24 12:34:34] [INFO] [TID:136627072526016] Closing client fd=4
[2025-12-24 12:34:34] [INFO] [TID:136627064133312] Accepted connection fd=4
[2025-12-24 12:34:34] [INFO] [TID:136627064133312] Serving file: ./static/index.html (9612 bytes)
[2025-12-24 12:34:34] [INFO] [TID:136627064133312] Closing client fd=4
[2025-12-24 12:34:35] [INFO] [TID:136627072526016] Accepted connection fd=4
[2025-12-24 12:34:35] [INFO] [TID:136627072526016] Serving file: ./static/index.html (9612 bytes)
[2025-12-24 12:34:35] [INFO] [TID:136627072526016] Closing client fd=4
[2025-12-24 12:34:35] [INFO] [TID:136627064133312] Accepted connection fd=4
[2025-12-24 12:34:35] [INFO] [TID:136627064133312] Serving file: ./static/index.html (9612 bytes)
[2025-12-24 12:34:35] [INFO] [TID:136627064133312] Closing client fd=4
[2025-12-24 12:34:35] [INFO] [TID:136627072526016] Accepted connection fd=4
[2025-12-24 12:34:35] [INFO] [TID:136627072526016] Serving file: ./static/index.html (9612 bytes)
[2025-12-24 12:34:35] [INFO] [TID:136627072526016] Closing client fd=4
[2025-12-24 12:34:35] [INFO] [TID:136627064133312] Accepted connection fd=4
[2025-12-24 12:34:35] [INFO] [TID:136627064133312] Serving file: ./static/index.html (9612 bytes)
[2025-12-24 12:34:35] [INFO] [TID:136627064133312] Closing client fd=4
[2025-12-24 12:34:35] [INFO] [TID:136627055740608] Accepted connection fd=4
[2025-12-24 12:34:35] [INFO] [TID:136627055740608] Serving file: ./static/index.html (9612 bytes)
[2025-12-24 12:34:35] [INFO] [TID:136627055740608] Closing client fd=4
[2025-12-24 12:34:35] [INFO] [TID:136627080918720] Accepted connection fd=4
[2025-12-24 12:34:35] [INFO] [TID:136627080918720] Serving file: ./static/index.html (9612 bytes)
[2025-12-24 12:34:35] [INFO] [TID:136627080918720] Closing client fd=4
[2025-12-24 12:34:36] [INFO] [TID:136627064133312] Accepted connection fd=4
[2025-12-24 12:34:36] [INFO] [TID:136627064133312] Serving file: ./static/index.html (9612 bytes)
[2025-12-24 12:34:36] [INFO] [TID:136627064133312] Closing client fd=4
[2025-12-24 12:34:36] [INFO] [TID:136627072526016] Accepted connection fd=4
[2025-12-24 12:34:36] [INFO] [TID:136627072526016] Serving file: ./static/index.html (9612 bytes)
[2025-12-24 12:34:36] [INFO] [TID:136627072526016] Closing client fd=4
[2025-12-24 12:34:36] [INFO] [TID:136627055740608] Accepted connection fd=4
[2025-12-24 12:34:36] [INFO] [TID:136627055740608] Serving file: ./static/index.html (9612 bytes)
[2025-12-24 12:34:36] [INFO] [TID:136627055740608] Closing client fd=4
[2025-12-24 12:34:36] [INFO] [TID:136627080918720] Accepted connection fd=4
[2025-12-24 12:34:36] [INFO] [TID:136627080918720] Serving file: ./static/index.html (9612 bytes)
[2025-12-24 12:34:36] [INFO] [TID:136627080918720] Closing client fd=4
[2025-12-24 12:34:36] [INFO] [TID:136627072526016] Accepted connection fd=4
[2025-12-24 12:34:36] [INFO] [TID:136627072526016] Serving file: ./static/index.html (9612 bytes)
[2025-12-24 12:34:36] [INFO] [TID:136627072526016] Closing client fd=4
[2025-12-24 12:34:36] [INFO] [TID:136627080918720] Accepted connection fd=4
[2025-12-24 12:34:36] [INFO] [TID:136627080918720] Serving file: ./static/index.html (9612 bytes)
[2025-12-24 12:34:36] [INFO] [TID:136627080918720] Closing client fd=4
[2025-12-24 12:34:37] [INFO] [TID:136627055740608] Accepted connection fd=4
[2025-12-24 12:34:37] [INFO] [TID:136627055740608] Serving file: ./static/index.html (9612 bytes)
[2025-12-24 12:34:37] [INFO] [TID:136627055740608] Closing client fd=4
[2025-12-24 12:34:37] [INFO] [TID:136627064133312] Accepted connection fd=4
[2025-12-24 12:34:37] [INFO] [TID:136627064133312] Serving file: ./static/index.html (9612 bytes)
[2025-12-24 12:34:37] [INFO] [TID:136627064133312] Closing client fd=4
[2025-12-24 12:34:37] [INFO] [TID:136627080918720] Accepted connection fd=4
[2025-12-24 12:34:37] [INFO] [TID:136627080918720] Serving file: ./static/index.html (9612 bytes)
[2025-12-24 12:34:37] [INFO] [TID:136627080918720] Closing client fd=4
[2025-12-24 12:34:38] [INFO] [TID:136627080918720] Accepted connection fd=4
[2025-12-24 12:34:38] [INFO] [TID:136627080918720] Serving file: ./static/index.html (9612 bytes)
[2025-12-24 12:34:38] [INFO] [TID:136627080918720] Closing client fd=4
[2025-12-24 12:34:38] [INFO] [TID:136627055740608] Accepted connection fd=4
[2025-12-24 12:34:38] [INFO] [TID:136627055740608] Serving file: ./static/index.html (9612 bytes)
[2025-12-24 12:34:38] [INFO] [TID:136627055740608] Closing client fd=4
[2025-12-24 12:34:38] [INFO] [TID:136627055740608] Accepted connection fd=4
[2025-12-24 12:34:38] [INFO] [TID:136627055740608] Serving file: ./static/index.html (9612 bytes)
[2025-12-24 12:34:38] [INFO] [TID:136627055740608] Closing client fd=4
[2025-12-24 12:34:39] [INFO] [TID:136627072526016] Accepted connection fd=4
[2025-12-24 12:34:39] [INFO] [TID:136627072526016] Serving file: ./static/index.html (9612 bytes)
[2025-12-24 12:34:39] [INFO] [TID:136627072526016] Closing client fd=4
[2025-12-24 12:34:39] [INFO] [TID:136627064133312] Accepted connection fd=4
[2025-12-24 12:34:39] [INFO] [TID:136627064133312] Serving file: ./static/index.html (9612 bytes)
[2025-12-24 12:34:39] [INFO] [TID:136627064133312] Closing client fd=4
[2025-12-24 12:34:39] [INFO] [TID:136627072526016] Accepted connection fd=4
[2025-12-24 12:34:39] [INFO] [TID:136627072526016] Serving file: ./static/index.html (9612 bytes)
[2025-12-24 12:34:39] [INFO] [TID:136627072526016] Closing client fd=4
[2025-12-24 12:34:39] [INFO] [TID:136627080918720] Accepted connection fd=4
[2025-12-24 12:34:39] [INFO] [TID:136627080918720] Serving file: ./static/index.html (9612 bytes)
[2025-12-24 12:34:39] [INFO] [TID:136627080918720] Closing client fd=4
[2025-12-24 12:36:40] [INFO] [TID:136627084240704] Shutdown signal received
[2025-12-24 12:37:08] [INFO] [TID:134732462196544] Server listening on port 80
[2025-12-24 12:37:08] [INFO] [TID:134732459275968] Worker thread started
[2025-12-24 12:37:08] [INFO] [TID:134732450883264] Worker thread started
[2025-12-24 12:37:08] [INFO] [TID:134732442490560] Worker thread started
[2025-12-24 12:37:08] [INFO] [TID:134732434097856] Worker thread started
[2025-12-24 12:37:19] [INFO] [TID:134732434097856] Accepted connection fd=4
[2025-12-24 12:37:20] [INFO] [TID:134732434097856] Serving file: ./static/index.html (9612 bytes)
[2025-12-24 12:37:20] [INFO] [TID:134732434097856] Closing client fd=4
[2025-12-24 12:37:20] [INFO] [TID:134732434097856] Accepted connection fd=4
[2025-12-24 12:37:20] [WARNING] [TID:134732434097856] File not found: ./static/favicon.ico
[2025-12-24 12:37:20] [INFO] [TID:134732434097856] Generating HTTP error 404
[2025-12-24 12:37:20] [INFO] [TID:134732434097856] Closing client fd=4
[2025-12-24 12:37:22] [INFO] [TID:134732450883264] Accepted connection fd=4
[2025-12-24 12:37:22] [INFO] [TID:134732450883264] Serving file: ./static/index.html (9612 bytes)
[2025-12-24 12:37:22] [INFO] [TID:134732450883264] Closing client fd=4
[2025-12-24 12:37:23] [INFO] [TID:134732450883264] Accepted connection fd=4
[2025-12-24 12:37:23] [INFO] [TID:134732450883264] Serving file: ./static/index.html (9612 bytes)
[2025-12-24 12:37:23] [INFO] [TID:134732450883264] Closing client fd=4
[2025-12-24 12:37:24] [INFO] [TID:134732442490560] Accepted connection fd=4
[2025-12-24 12:37:24] [INFO] [TID:134732442490560] Serving file: ./static/index.html (9612 bytes)
[2025-12-24 12:37:24] [INFO] [TID:134732442490560] Closing client fd=4
[2025-12-24 13:08:10] [INFO] [TID:134732459275968] Accepted connection fd=4
[2025-12-24 13:08:10] [INFO] [TID:134732459275968] Serving file: ./static/index.html (9612 bytes)
[2025-12-24 13:08:10] [INFO] [TID:134732459275968] Closing client fd=4
[2025-12-24 13:08:11] [INFO] [TID:134732459275968] Accepted connection fd=4
[2025-12-24 13:08:11] [INFO] [TID:134732459275968] Serving file: ./static/index.html (9612 bytes)
[2025-12-24 13:08:11] [INFO] [TID:134732459275968] Closing client fd=4
[2025-12-24 13:08:21] [INFO] [TID:134732450883264] Accepted connection fd=4
[2025-12-24 13:08:21] [INFO] [TID:134732450883264] Serving file: ./static/index.html (9612 bytes)
[2025-12-24 13:08:21] [INFO] [TID:134732450883264] Closing client fd=4
[2025-12-24 13:08:24] [INFO] [TID:134732442490560] Accepted connection fd=4
[2025-12-24 13:08:24] [INFO] [TID:134732442490560] Serving file: ./static/index.html (9612 bytes)
[2025-12-24 13:08:24] [INFO] [TID:134732442490560] Closing client fd=4
[2025-12-24 13:09:06] [INFO] [TID:134732462196544] Shutdown signal received
[2025-12-24 13:09:39] [INFO] [TID:131206062397248] Server listening on port 80
[2025-12-24 13:09:39] [INFO] [TID:131206058342080] Worker thread started
[2025-12-24 13:09:39] [INFO] [TID:131205949290176] Worker thread started
[2025-12-24 13:09:39] [INFO] [TID:131206049949376] Worker thread started
[2025-12-24 13:09:39] [INFO] [TID:131206041556672] Worker thread started
[2025-12-24 13:09:56] [INFO] [TID:131205949290176] Accepted connection fd=4
[2025-12-24 13:09:57] [INFO] [TID:131205949290176] Serving file: ./static/index.html (9612 bytes)
[2025-12-24 13:09:57] [INFO] [TID:131205949290176] Closing client fd=4
[2025-12-24 13:09:58] [INFO] [TID:131206049949376] Accepted connection fd=4
[2025-12-24 13:09:58] [INFO] [TID:131206049949376] Serving file: ./static/index.html (9612 bytes)
[2025-12-24 13:09:58] [INFO] [TID:131206049949376] Closing client fd=4
[2025-12-24 13:10:00] [INFO] [TID:131206041556672] Accepted connection fd=4
[2025-12-24 13:10:00] [INFO] [TID:131206041556672] Serving file: ./static/index.html (9612 bytes)
[2025-12-24 13:10:00] [INFO] [TID:131206041556672] Closing client fd=4
[2025-12-24 13:10:00] [INFO] [TID:131206058342080] Accepted connection fd=4
[2025-12-24 13:10:00] [INFO] [TID:131206058342080] Serving file: ./static/index.html (9612 bytes)
[2025-12-24 13:10:00] [INFO] [TID:131206058342080] Closing client fd=4
[2025-12-24 13:10:01] [INFO] [TID:131206049949376] Accepted connection fd=4
[2025-12-24 13:10:01] [INFO] [TID:131206049949376] Serving file: ./static/index.html (9612 bytes)
[2025-12-24 13:10:01] [INFO] [TID:131206049949376] Closing client fd=4
[2025-12-24 13:10:01] [INFO] [TID:131206058342080] Accepted connection fd=4
[2025-12-24 13:10:01] [INFO] [TID:131206058342080] Serving file: ./static/index.html (9612 bytes)
[2025-12-24 13:10:01] [INFO] [TID:131206058342080] Closing client fd=4
[2025-12-24 13:10:01] [INFO] [TID:131206058342080] Accepted connection fd=4
[2025-12-24 13:10:01] [INFO] [TID:131206058342080] Serving file: ./static/index.html (9612 bytes)
[2025-12-24 13:10:01] [INFO] [TID:131206058342080] Closing client fd=4
[2025-12-24 13:10:02] [INFO] [TID:131205949290176] Accepted connection fd=4
[2025-12-24 13:10:02] [INFO] [TID:131205949290176] Serving file: ./static/index.html (9612 bytes)
[2025-12-24 13:10:02] [INFO] [TID:131205949290176] Closing client fd=4
[2025-12-24 13:10:02] [INFO] [TID:131206041556672] Accepted connection fd=4
[2025-12-24 13:10:02] [INFO] [TID:131206041556672] Serving file: ./static/index.html (9612 bytes)
[2025-12-24 13:10:02] [INFO] [TID:131206041556672] Closing client fd=4
[2025-12-24 13:10:02] [INFO] [TID:131206049949376] Accepted connection fd=4
[2025-12-24 13:10:02] [INFO] [TID:131206049949376] Serving file: ./static/index.html (9612 bytes)
[2025-12-24 13:10:02] [INFO] [TID:131206049949376] Closing client fd=4
[2025-12-24 13:10:03] [INFO] [TID:131205949290176] Accepted connection fd=4
[2025-12-24 13:10:03] [INFO] [TID:131205949290176] Serving file: ./static/index.html (9612 bytes)
[2025-12-24 13:10:03] [INFO] [TID:131205949290176] Closing client fd=4
[2025-12-24 13:10:04] [INFO] [TID:131206041556672] Accepted connection fd=4
[2025-12-24 13:10:04] [INFO] [TID:131206041556672] Serving file: ./static/index.html (9612 bytes)
[2025-12-24 13:10:04] [INFO] [TID:131206041556672] Closing client fd=4
[2025-12-24 13:10:05] [INFO] [TID:131206058342080] Accepted connection fd=4
[2025-12-24 13:10:05] [INFO] [TID:131206058342080] Serving file: ./static/index.html (9612 bytes)
[2025-12-24 13:10:05] [INFO] [TID:131206058342080] Closing client fd=4
[2025-12-24 13:10:05] [INFO] [TID:131206049949376] Accepted connection fd=4
[2025-12-24 13:10:05] [INFO] [TID:131206049949376] Serving file: ./static/index.html (9612 bytes)
[2025-12-24 13:10:05] [INFO] [TID:131206049949376] Closing client fd=4
[2025-12-24 16:05:23] [INFO] [TID:130361572497216] Server listening on port 80
[2025-12-24 16:05:23] [INFO] [TID:130361552000704] Worker thread started
[2025-12-24 16:05:23] [INFO] [TID:130361568786112] Worker thread started
[2025-12-24 16:05:23] [INFO] [TID:130361560393408] Worker thread started
[2025-12-24 16:05:23] [INFO] [TID:130361543608000] Worker thread started
[2025-12-24 16:05:27] [INFO] [TID:130361560393408] Accepted connection fd=4
[2025-12-24 16:05:27] [INFO] [TID:130361560393408] Serving file: ./static/index.html (9612 bytes)
[2025-12-24 16:05:27] [INFO] [TID:130361560393408] Closing client fd=4
[2025-12-24 16:05:28] [INFO] [TID:130361552000704] Accepted connection fd=4
[2025-12-24 16:05:28] [INFO] [TID:130361552000704] Serving file: ./static/index.html (9612 bytes)
[2025-12-24 16:05:28] [INFO] [TID:130361552000704] Closing client fd=4
[2025-12-24 16:06:43] [INFO] [TID:136760630048576] Server listening on port 80
[2025-12-24 16:06:43] [INFO] [TID:136760619165376] Worker thread started
[2025-12-24 16:06:43] [INFO] [TID:136760610772672] Worker thread started
[2025-12-24 16:06:43] [INFO] [TID:136760627558080] Worker thread started
[2025-12-24 16:06:43] [INFO] [TID:136760466077376] Worker thread started
[2025-12-24 16:06:46] [INFO] [TID:136760610772672] Accepted connection fd=4
[2025-12-24 16:06:46] [INFO] [TID:136760610772672] Serving file: ./static/index.html (9612 bytes)
[2025-12-24 16:06:46] [INFO] [TID:136760610772672] Closing client fd=4
[2025-12-24 16:07:12] [INFO] [TID:136760630048576] Shutdown signal received
[2025-12-24 16:07:24] [INFO] [TID:124658115659584] Server listening on port 80
[2025-12-24 16:07:24] [INFO] [TID:124658112263872] Worker thread started
[2025-12-24 16:07:24] [INFO] [TID:124658095478464] Worker thread started
[2025-12-24 16:07:24] [INFO] [TID:124658087085760] Worker thread started
[2025-12-24 16:07:24] [INFO] [TID:124658103871168] Worker thread started
[2025-12-24 16:07:26] [INFO] [TID:124658087085760] Accepted connection fd=4
[2025-12-24 16:07:26] [INFO] [TID:124658087085760] Serving file: ./static/index.html (9612 bytes)
[2025-12-24 16:07:26] [INFO] [TID:124658087085760] Closing client fd=4
[2025-12-24 16:13:05] [INFO] [TID:135363272095552] Server listening on port 80
[2025-12-24 16:13:05] [INFO] [TID:135363267917504] Worker thread started
[2025-12-24 16:13:05] [INFO] [TID:135363259524800] Worker thread started
[2025-12-24 16:13:05] [INFO] [TID:135363251132096] Worker thread started
[2025-12-24 16:13:05] [INFO] [TID:135363242739392] Worker thread started
[2025-12-24 16:13:07] [INFO] [TID:135363242739392] Accepted connection fd=4
[2025-12-24 16:13:07] [INFO] [TID:135363242739392] Serving file: ./static/index.html (9612 bytes)
[2025-12-24 16:13:07] [INFO] [TID:135363242739392] Closing client fd=4
[2025-12-24 16:14:20] [INFO] [TID:130261387204416] Server listening on port 80
[2025-12-24 16:14:20] [INFO] [TID:130261383640768] Worker thread started
[2025-12-24 16:14:20] [INFO] [TID:130261375248064] Worker thread started
[2025-12-24 16:14:20] [INFO] [TID:130261366855360] Worker thread started
[2025-12-24 16:14:20] [INFO] [TID:130261358462656] Worker thread started
[2025-12-24 16:14:23] [INFO] [TID:130261375248064] Accepted connection fd=4
[2025-12-24 16:14:23] [INFO] [TID:130261375248064] Serving file: ./static/index.html (9612 bytes)
[2025-12-24 16:14:23] [INFO] [TID:130261375248064] Closing client fd=4
[2025-12-24 16:15:05] [INFO] [TID:130261366855360] Accepted connection fd=4
[2025-12-24 16:15:05] [INFO] [TID:130261366855360] Serving file: ./static/index.html (9612 bytes)
[2025-12-24 16:15:05] [INFO] [TID:130261366855360] Closing client fd=4
[2025-12-24 16:15:41] [INFO] [TID:126577754576704] Server listening on port 80
[2025-12-24 16:15:41] [INFO] [TID:126577750832832] Worker thread started
[2025-12-24 16:15:41] [INFO] [TID:126577742440128] Worker thread started
[2025-12-24 16:15:41] [INFO] [TID:126577734047424] Worker thread started
[2025-12-24 16:15:41] [INFO] [TID:126577518048960] Worker thread started
[2025-12-24 16:16:22] [INFO] [TID:131281342437184] Server listening on port 80
[2025-12-24 16:16:22] [INFO] [TID:131281339807424] Worker thread started
[2025-12-24 16:16:22] [INFO] [TID:131281331414720] Worker thread started
[2025-12-24 16:16:22] [INFO] [TID:131281323022016] Worker thread started
[2025-12-24 16:16:22] [INFO] [TID:131281245435584] Worker thread started
[2025-12-24 16:17:18] [INFO] [TID:131281342437184] Shutdown signal received
[2025-12-24 16:17:29] [INFO] [TID:129540604053312] Server listening on port 80
[2025-12-24 16:17:29] [INFO] [TID:129540575708864] Worker thread started
[2025-12-24 16:17:29] [INFO] [TID:129540600886976] Worker thread started
[2025-12-24 16:17:29] [INFO] [TID:129540592494272] Worker thread started
[2025-12-24 16:17:29] [INFO] [TID:129540584101568] Worker thread started
[2025-12-24 16:17:32] [INFO] [TID:129540584101568] Accepted connection fd=4
[2025-12-24 16:17:33] [INFO] [TID:129540584101568] Serving file: ./static/index.html (9612 bytes)
[2025-12-24 16:17:33] [INFO] [TID:129540584101568] Closing client fd=4
[2025-12-24 16:17:33] [INFO] [TID:129540600886976] Accepted connection fd=4
[2025-12-24 16:17:33] [WARNING] [TID:129540600886976] File not found: ./static/favicon.ico
[2025-12-24 16:17:33] [INFO] [TID:129540600886976] Generating HTTP error 404
[2025-12-24 16:17:33] [INFO] [TID:129540600886976] Closing client fd=4
[2025-12-24 16:17:54] [INFO] [TID:129540600886976] Accepted connection fd=4
[2025-12-24 16:17:54] [INFO] [TID:129540600886976] Serving file: ./static/index.html (9612 bytes)
[2025-12-24 16:17:54] [INFO] [TID:129540600886976] Closing client fd=4
[2025-12-24 16:18:18] [INFO] [TID:136274281674560] Server listening on port 80
[2025-12-24 16:18:18] [INFO] [TID:136274270742208] Worker thread started
[2025-12-24 16:18:18] [INFO] [TID:136274262349504] Worker thread started
[2025-12-24 16:18:18] [INFO] [TID:136274253956800] Worker thread started
[2025-12-24 16:18:18] [INFO] [TID:136274279134912] Worker thread started
[2025-12-24 16:19:23] [INFO] [TID:130933365589824] Server listening on port 80
[2025-12-24 16:19:23] [INFO] [TID:130933344687808] Worker thread started
[2025-12-24 16:19:23] [INFO] [TID:130933361473216] Worker thread started
[2025-12-24 16:19:23] [INFO] [TID:130933353080512] Worker thread started
[2025-12-24 16:19:23] [INFO] [TID:130933336295104] Worker thread started
[2025-12-24 16:19:46] [INFO] [TID:130933353080512] Accepted connection fd=4
[2025-12-24 16:19:46] [INFO] [TID:130933353080512] Serving file: ./static/index.html (9612 bytes)
[2025-12-24 16:19:46] [INFO] [TID:130933353080512] Closing client fd=4
[2025-12-24 16:19:47] [INFO] [TID:130933336295104] Accepted connection fd=4
[2025-12-24 16:19:47] [WARNING] [TID:130933336295104] File not found: ./static/favicon.ico
[2025-12-24 16:19:47] [INFO] [TID:130933336295104] Generating HTTP error 404
[2025-12-24 16:19:47] [INFO] [TID:130933336295104] Closing client fd=4
[2025-12-24 16:19:55] [INFO] [TID:130933365589824] Shutdown signal received
[2025-12-24 17:41:10] [INFO] [TID:135791001589568] Server listening on port 80
[2025-12-24 17:41:10] [INFO] [TID:135790982059712] Worker thread started
[2025-12-24 17:41:10] [INFO] [TID:135790998845120] Worker thread started
[2025-12-24 17:41:10] [INFO] [TID:135790990452416] Worker thread started
[2025-12-24 17:41:10] [INFO] [TID:135790973667008] Worker thread started
[2025-12-24 17:41:15] [INFO] [TID:135790990452416] Accepted connection fd=4
[2025-12-24 17:41:15] [INFO] [TID:135790990452416] Serving file: ./static/index.html (9612 bytes)
[2025-12-24 17:41:15] [INFO] [TID:135790990452416] Closing client fd=4
[2025-12-25 23:15:18] [INFO] [TID:135790982059712] Accepted connection fd=4
[2025-12-25 23:15:18] [INFO] [TID:135790982059712] Serving file: ./static/index.html (9612 bytes)
[2025-12-25 23:15:18] [INFO] [TID:135790982059712] Closing client fd=4
[2025-12-25 23:15:20] [INFO] [TID:135790982059712] Accepted connection fd=4
[2025-12-25 23:15:20] [INFO] [TID:135790982059712] Serving file: ./static/index.html (9612 bytes)
[2025-12-25 23:15:20] [INFO] [TID:135790982059712] Closing client fd=4
[2025-12-25 23:16:09] [INFO] [TID:135790982059712] Accepted connection fd=4
[2025-12-25 23:16:09] [INFO] [TID:135790982059712] Serving file: ./static/index.html (9612 bytes)
[2025-12-25 23:16:09] [INFO] [TID:135790982059712] Closing client fd=4
[2025-12-25 23:16:10] [INFO] [TID:135790982059712] Accepted connection fd=4
[2025-12-25 23:16:10] [INFO] [TID:135790982059712] Serving file: ./static/index.html (9612 bytes)
[2025-12-25 23:16:10] [INFO] [TID:135790982059712] Closing client fd=4
[2025-12-25 23:16:10] [INFO] [TID:135790990452416] Accepted connection fd=4
[2025-12-25 23:16:10] [INFO] [TID:135790990452416] Serving file: ./static/index.html (9612 bytes)
[2025-12-25 23:16:10] [INFO] [TID:135790990452416] Closing client fd=4
[2025-12-25 23:16:11] [INFO] [TID:135790990452416] Accepted connection fd=4
[2025-12-25 23:16:11] [INFO] [TID:135790990452416] Serving file: ./static/index.html (9612 bytes)
[2025-12-25 23:16:11] [INFO] [TID:135790990452416] Closing client fd=4
[2025-12-25 23:16:11] [INFO] [TID:135790990452416] Accepted connection fd=4
[2025-12-25 23:16:11] [INFO] [TID:135790990452416] Serving file: ./static/index.html (9612 bytes)
[2025-12-25 23:16:11] [INFO] [TID:135790990452416] Closing client fd=4
[2025-12-25 23:16:11] [INFO] [TID:135790998845120] Accepted connection fd=4
[2025-12-25 23:16:11] [INFO] [TID:135790998845120] Serving file: ./static/index.html (9612 bytes)
[2025-12-25 23:16:11] [INFO] [TID:135790998845120] Closing client fd=4
[2025-12-25 23:16:11] [INFO] [TID:135790973667008] Accepted connection fd=4
[2025-12-25 23:16:11] [INFO] [TID:135790973667008] Serving file: ./static/index.html (9612 bytes)
[2025-12-25 23:16:11] [INFO] [TID:135790973667008] Closing client fd=4
[2025-12-25 23:16:12] [INFO] [TID:135790982059712] Accepted connection fd=4
[2025-12-25 23:16:12] [INFO] [TID:135790982059712] Serving file: ./static/index.html (9612 bytes)
[2025-12-25 23:16:12] [INFO] [TID:135790982059712] Closing client fd=4
[2025-12-25 23:16:12] [INFO] [TID:135790998845120] Accepted connection fd=4
[2025-12-25 23:16:12] [INFO] [TID:135790998845120] Serving file: ./static/index.html (9612 bytes)
[2025-12-25 23:16:12] [INFO] [TID:135790998845120] Closing client fd=4
[2025-12-25 23:16:12] [INFO] [TID:135790973667008] Accepted connection fd=4
[2025-12-25 23:16:12] [INFO] [TID:135790973667008] Serving file: ./static/index.html (9612 bytes)
[2025-12-25 23:16:12] [INFO] [TID:135790973667008] Closing client fd=4
[2025-12-25 23:42:37] [INFO] [TID:132833762293568] Server listening on port 80
[2025-12-25 23:42:37] [INFO] [TID:132833758672576] Worker thread started
[2025-12-25 23:42:37] [INFO] [TID:132833733494464] Worker thread started
[2025-12-25 23:42:37] [INFO] [TID:132833750279872] Worker thread started
[2025-12-25 23:42:37] [INFO] [TID:132833741887168] Worker thread started
[2025-12-25 23:42:42] [INFO] [TID:132833733494464] Accepted connection fd=4
[2025-12-25 23:42:42] [INFO] [TID:132833733494464] Serving file: ./static/index.html (9612 bytes)
[2025-12-25 23:42:42] [INFO] [TID:132833733494464] Closing client fd=4
[2025-12-26 08:48:50] [INFO] [TID:129576598239040] Server listening on port 80
[2025-12-26 08:48:50] [INFO] [TID:129576585914048] Worker thread started
[2025-12-26 08:48:50] [INFO] [TID:129576577521344] Worker thread started
[2025-12-26 08:48:50] [INFO] [TID:129576569128640] Worker thread started
[2025-12-26 08:48:50] [INFO] [TID:129576594306752] Worker thread started
[2025-12-26 08:49:01] [INFO] [TID:129576594306752] Accepted connection fd=4
[2025-12-26 08:49:01] [INFO] [TID:129576594306752] Serving file: ./static/index.html (9612 bytes)
[2025-12-26 08:49:01] [INFO] [TID:129576594306752] Closing client fd=4
